2015/07/10 03:29:09 [error] [exception.CHttpException.400] exception 'CHttpException' with message '您的请求无效。' in E:\All\framework\web\CController.php:336
Stack trace:
#0 E:\All\framework\web\CController.php(309): CController->invalidActionParams(Object(CInlineAction))
#1 E:\All\framework\web\filters\CFilterChain.php(133): CController->runAction(Object(CInlineAction))
#2 E:\All\framework\web\filters\CFilter.php(40): CFilterChain->run()
#3 E:\All\framework\web\CController.php(1145): CFilter->filter(Object(CFilterChain))
#4 E:\All\framework\web\filters\CInlineFilter.php(58): CController->filterAccessControl(Object(CFilterChain))
#5 E:\All\framework\web\filters\CFilterChain.php(130): CInlineFilter->filter(Object(CFilterChain))
#6 E:\All\framework\web\CController.php(291): CFilterChain->run()
#7 E:\All\framework\web\CController.php(265): CController->runActionWithFilters(Object(CInlineAction), Array)
#8 E:\All\framework\web\CWebApplication.php(282): CController->run('view')
#9 E:\All\framework\web\CWebApplication.php(141): CWebApplication->runController('user/view')
#10 E:\All\framework\base\CApplication.php(169): CWebApplication->processRequest()
#11 E:\All\carsWebsite-master\index.php(14): CApplication->run()
#12 {main}
REQUEST_URI=/carsWebsite-master/index.php?r=user/view
---
2015/07/10 03:29:39 [error] [exception.CHttpException.400] exception 'CHttpException' with message '您的请求无效。' in E:\All\framework\web\CController.php:336
Stack trace:
#0 E:\All\framework\web\CController.php(309): CController->invalidActionParams(Object(CInlineAction))
#1 E:\All\framework\web\filters\CFilterChain.php(133): CController->runAction(Object(CInlineAction))
#2 E:\All\framework\web\filters\CFilter.php(40): CFilterChain->run()
#3 E:\All\framework\web\CController.php(1145): CFilter->filter(Object(CFilterChain))
#4 E:\All\framework\web\filters\CInlineFilter.php(58): CController->filterAccessControl(Object(CFilterChain))
#5 E:\All\framework\web\filters\CFilterChain.php(130): CInlineFilter->filter(Object(CFilterChain))
#6 E:\All\framework\web\CController.php(291): CFilterChain->run()
#7 E:\All\framework\web\CController.php(265): CController->runActionWithFilters(Object(CInlineAction), Array)
#8 E:\All\framework\web\CWebApplication.php(282): CController->run('VIew')
#9 E:\All\framework\web\CWebApplication.php(141): CWebApplication->runController('user/VIew')
#10 E:\All\framework\base\CApplication.php(169): CWebApplication->processRequest()
#11 E:\All\carsWebsite-master\index.php(14): CApplication->run()
#12 {main}
REQUEST_URI=/carsWebsite-master/index.php?r=user/VIew
---
2015/07/10 03:29:44 [error] [exception.CHttpException.400] exception 'CHttpException' with message '您的请求无效。' in E:\All\framework\web\CController.php:336
Stack trace:
#0 E:\All\framework\web\CController.php(309): CController->invalidActionParams(Object(CInlineAction))
#1 E:\All\framework\web\filters\CFilterChain.php(133): CController->runAction(Object(CInlineAction))
#2 E:\All\framework\web\filters\CFilter.php(40): CFilterChain->run()
#3 E:\All\framework\web\CController.php(1145): CFilter->filter(Object(CFilterChain))
#4 E:\All\framework\web\filters\CInlineFilter.php(58): CController->filterAccessControl(Object(CFilterChain))
#5 E:\All\framework\web\filters\CFilterChain.php(130): CInlineFilter->filter(Object(CFilterChain))
#6 E:\All\framework\web\CController.php(291): CFilterChain->run()
#7 E:\All\framework\web\CController.php(265): CController->runActionWithFilters(Object(CInlineAction), Array)
#8 E:\All\framework\web\CWebApplication.php(282): CController->run('View')
#9 E:\All\framework\web\CWebApplication.php(141): CWebApplication->runController('user/View')
#10 E:\All\framework\base\CApplication.php(169): CWebApplication->processRequest()
#11 E:\All\carsWebsite-master\index.php(14): CApplication->run()
#12 {main}
REQUEST_URI=/carsWebsite-master/index.php?r=user/View
---
2015/07/10 03:30:01 [error] [exception.CDbException] SQLSTATE[42000] [1049] Unknown database 'cars'
2015/07/10 03:30:01 [error] [exception.CDbException] exception 'CDbException' with message 'CDbConnection failed to open the DB connection.' in E:\All\framework\db\CDbConnection.php:387
Stack trace:
#0 E:\All\framework\db\CDbConnection.php(330): CDbConnection->open()
#1 E:\All\framework\db\CDbConnection.php(308): CDbConnection->setActive(true)
#2 E:\All\framework\base\CModule.php(387): CDbConnection->init()
#3 E:\All\framework\base\CApplication.php(438): CModule->getComponent('db')
#4 E:\All\framework\db\ar\CActiveRecord.php(623): CApplication->getDb()
#5 E:\All\framework\db\ar\CActiveRecord.php(2309): CActiveRecord->getDbConnection()
#6 E:\All\framework\db\ar\CActiveRecord.php(387): CActiveRecordMetaData->__construct(Object(User))
#7 E:\All\carsWebsite-master\protected\models\User.php(135): CActiveRecord::model('User')
#8 E:\All\carsWebsite-master\protected\components\UserIdentity.php(22): User::model()
#9 E:\All\carsWebsite-master\protected\models\LoginForm.php(54): UserIdentity->authenticate()
#10 E:\All\framework\validators\CInlineValidator.php(42): LoginForm->authenticate('password', Array)
#11 E:\All\framework\validators\CValidator.php(213): CInlineValidator->validateAttribute(Object(LoginForm), 'password')
#12 E:\All\framework\base\CModel.php(159): CValidator->validate(Object(LoginForm), NULL)
#13 E:\All\carsWebsite-master\protected\controllers\UserController.php(134): CModel->validate()
#14 E:\All\framework\web\actions\CInlineAction.php(49): UserController->actionLogin()
#15 E:\All\framework\web\CController.php(308): CInlineAction->runWithParams(Array)
#16 E:\All\framework\web\filters\CFilterChain.php(133): CController->runAction(Object(CInlineAction))
#17 E:\All\framework\web\filters\CFilter.php(40): CFilterChain->run()
#18 E:\All\framework\web\CController.php(1145): CFilter->filter(Object(CFilterChain))
#19 E:\All\framework\web\filters\CInlineFilter.php(58): CController->filterAccessControl(Object(CFilterChain))
#20 E:\All\framework\web\filters\CFilterChain.php(130): CInlineFilter->filter(Object(CFilterChain))
#21 E:\All\framework\web\CController.php(291): CFilterChain->run()
#22 E:\All\framework\web\CController.php(265): CController->runActionWithFilters(Object(CInlineAction), Array)
#23 E:\All\framework\web\CWebApplication.php(282): CController->run('login')
#24 E:\All\framework\web\CWebApplication.php(141): CWebApplication->runController('user/login')
#25 E:\All\framework\base\CApplication.php(169): CWebApplication->processRequest()
#26 E:\All\carsWebsite-master\index.php(14): CApplication->run()
#27 {main}
REQUEST_URI=/carsWebsite-master/index.php?r=user/login
HTTP_REFERER=http://shop.com/carsWebsite-master/index.php?r=user/login
---
2015/07/10 03:39:15 [error] [exception.CDbException] SQLSTATE[42000] [1049] Unknown database 'cars'
2015/07/10 03:39:15 [error] [exception.CDbException] exception 'CDbException' with message 'CDbConnection failed to open the DB connection.' in E:\All\framework\db\CDbConnection.php:387
Stack trace:
#0 E:\All\framework\db\CDbConnection.php(330): CDbConnection->open()
#1 E:\All\framework\db\CDbConnection.php(308): CDbConnection->setActive(true)
#2 E:\All\framework\base\CModule.php(387): CDbConnection->init()
#3 E:\All\framework\base\CApplication.php(438): CModule->getComponent('db')
#4 E:\All\framework\db\ar\CActiveRecord.php(623): CApplication->getDb()
#5 E:\All\framework\db\ar\CActiveRecord.php(2309): CActiveRecord->getDbConnection()
#6 E:\All\framework\db\ar\CActiveRecord.php(387): CActiveRecordMetaData->__construct(Object(User))
#7 E:\All\carsWebsite-master\protected\models\User.php(135): CActiveRecord::model('User')
#8 E:\All\carsWebsite-master\protected\components\UserIdentity.php(22): User::model()
#9 E:\All\carsWebsite-master\protected\models\LoginForm.php(54): UserIdentity->authenticate()
#10 E:\All\framework\validators\CInlineValidator.php(42): LoginForm->authenticate('password', Array)
#11 E:\All\framework\validators\CValidator.php(213): CInlineValidator->validateAttribute(Object(LoginForm), 'password')
#12 E:\All\framework\base\CModel.php(159): CValidator->validate(Object(LoginForm), NULL)
#13 E:\All\carsWebsite-master\protected\controllers\UserController.php(134): CModel->validate()
#14 E:\All\framework\web\actions\CInlineAction.php(49): UserController->actionLogin()
#15 E:\All\framework\web\CController.php(308): CInlineAction->runWithParams(Array)
#16 E:\All\framework\web\filters\CFilterChain.php(133): CController->runAction(Object(CInlineAction))
#17 E:\All\framework\web\filters\CFilter.php(40): CFilterChain->run()
#18 E:\All\framework\web\CController.php(1145): CFilter->filter(Object(CFilterChain))
#19 E:\All\framework\web\filters\CInlineFilter.php(58): CController->filterAccessControl(Object(CFilterChain))
#20 E:\All\framework\web\filters\CFilterChain.php(130): CInlineFilter->filter(Object(CFilterChain))
#21 E:\All\framework\web\CController.php(291): CFilterChain->run()
#22 E:\All\framework\web\CController.php(265): CController->runActionWithFilters(Object(CInlineAction), Array)
#23 E:\All\framework\web\CWebApplication.php(282): CController->run('login')
#24 E:\All\framework\web\CWebApplication.php(141): CWebApplication->runController('user/login')
#25 E:\All\framework\base\CApplication.php(169): CWebApplication->processRequest()
#26 E:\All\carsWebsite-master\index.php(14): CApplication->run()
#27 {main}
REQUEST_URI=/carsWebsite-master/index.php?r=user/login
HTTP_REFERER=http://shop.com/carsWebsite-master/index.php?r=user/login
---
